<?xml version="1.0" encoding="UTF-8"?>
<testsuite name="org.hyperskill.photoeditor.Stage2UnitTest" tests="7" skipped="0" failures="0" errors="0" timestamp="2026-06-03T17:01:54" hostname="dhcp-10-101-135-157.wireless.northwestern.private" time="3.494">
  <properties/>
  <testcase name="test01_checkImageView" classname="org.hyperskill.photoeditor.Stage2UnitTest" time="2.285"/>
  <testcase name="test02_checkButtonGallery" classname="org.hyperskill.photoeditor.Stage2UnitTest" time="0.053"/>
  <testcase name="test03_checkSliderBrightness" classname="org.hyperskill.photoeditor.Stage2UnitTest" time="0.044"/>
  <testcase name="test04_checkSliderNotCrashing" classname="org.hyperskill.photoeditor.Stage2UnitTest" time="0.049"/>
  <testcase name="test05_checkDefaultBitmapEdit" classname="org.hyperskill.photoeditor.Stage2UnitTest" time="0.466"/>
  <testcase name="test06_checkLoadedBitmapEdit" classname="org.hyperskill.photoeditor.Stage2UnitTest" time="0.293"/>
  <testcase name="test07_checkDefaultBitmapEditExhaustive" classname="org.hyperskill.photoeditor.Stage2UnitTest" time="0.304"/>
  <system-out><![CDATA[]]></system-out>
  <system-err><![CDATA[]]></system-err>
</testsuite>
